<?xml version="1.0" encoding="UTF-8"?>
<!-- Generated by org.testng.reporters.JUnitXMLReporter -->
<testsuite ignored="0" hostname="USER-20160702CP" failures="0" tests="4" name="Default test" time="26.915" errors="0" timestamp="2020-02-16T17:08:06 CST">
  <testcase classname="love.simba.TestDataDriversByMysqltestSQL" name="testSearch" time="1.88"/>
  <testcase classname="love.simba.TestDataDriversByMysqltestSQL" name="testSearch" time="2.057"/>
  <testcase classname="love.simba.TestDataDriversByMysqltestSQL" name="testSearch" time="1.977"/>
  <testcase classname="love.simba.TestDataDriversByMysqltestSQL" name="testSearch" time="2.097"/>
</testsuite> <!-- Default test -->
