<?xml version="1.0" encoding="UTF-8"?>
<testng-results ignored="0" total="4" passed="4" failed="0" skipped="0">
  <reporter-output>
  </reporter-output>
  <suite started-at="2020-02-16T17:07:39 CST" name="Default suite" finished-at="2020-02-16T17:08:06 CST" duration-ms="26915">
    <groups>
    </groups>
    <test started-at="2020-02-16T17:07:39 CST" name="Default test" finished-at="2020-02-16T17:08:06 CST" duration-ms="26915">
      <class name="love.simba.TestDataDriversByMysqltestSQL">
        <test-method is-config="true" signature="beforeClass()[pri:0, instance:love.simba.TestDataDriversByMysqltestSQL@7e9131d5]" started-at="2020-02-16T17:07:39 CST" name="beforeClass" finished-at="2020-02-16T17:07:39 CST" duration-ms="147" status="PASS">
          <reporter-output>
          </reporter-output>
        </test-method> <!-- beforeClass -->
        <test-method is-config="true" signature="beforeMethod()[pri:0, instance:love.simba.TestDataDriversByMysqltestSQL@7e9131d5]" started-at="2020-02-16T17:07:40 CST" name="beforeMethod" finished-at="2020-02-16T17:07:44 CST" duration-ms="3764" status="PASS">
          <reporter-output>
          </reporter-output>
        </test-method> <!-- beforeMethod -->
        <test-method signature="testSearch(java.lang.String, java.lang.String, java.lang.String)[pri:0, instance:love.simba.TestDataDriversByMysqltestSQL@7e9131d5]" started-at="2020-02-16T17:07:44 CST" name="testSearch" data-provider="testData" finished-at="2020-02-16T17:07:46 CST" duration-ms="1880" status="PASS">
          <params>
            <param index="0">
              <value>
                <![CDATA[平凡之路]]>
              </value>
            </param>
            <param index="1">
              <value>
                <![CDATA[主题曲]]>
              </value>
            </param>
            <param index="2">
              <value>
                <![CDATA[朴树]]>
              </value>
            </param>
          </params>
          <reporter-output>
          </reporter-output>
        </test-method> <!-- testSearch -->
        <test-method is-config="true" signature="afterMethod()[pri:0, instance:love.simba.TestDataDriversByMysqltestSQL@7e9131d5]" started-at="2020-02-16T17:07:46 CST" name="afterMethod" finished-at="2020-02-16T17:07:47 CST" duration-ms="1159" status="PASS">
          <reporter-output>
          </reporter-output>
        </test-method> <!-- afterMethod -->
        <test-method is-config="true" signature="beforeMethod()[pri:0, instance:love.simba.TestDataDriversByMysqltestSQL@7e9131d5]" started-at="2020-02-16T17:07:47 CST" name="beforeMethod" finished-at="2020-02-16T17:07:50 CST" duration-ms="3309" status="PASS">
          <reporter-output>
          </reporter-output>
        </test-method> <!-- beforeMethod -->
        <test-method signature="testSearch(java.lang.String, java.lang.String, java.lang.String)[pri:0, instance:love.simba.TestDataDriversByMysqltestSQL@7e9131d5]" started-at="2020-02-16T17:07:50 CST" name="testSearch" data-provider="testData" finished-at="2020-02-16T17:07:52 CST" duration-ms="2057" status="PASS">
          <params>
            <param index="0">
              <value>
                <![CDATA[叶问]]>
              </value>
            </param>
            <param index="1">
              <value>
                <![CDATA[主演]]>
              </value>
            </param>
            <param index="2">
              <value>
                <![CDATA[甄子丹]]>
              </value>
            </param>
          </params>
          <reporter-output>
          </reporter-output>
        </test-method> <!-- testSearch -->
        <test-method is-config="true" signature="afterMethod()[pri:0, instance:love.simba.TestDataDriversByMysqltestSQL@7e9131d5]" started-at="2020-02-16T17:07:52 CST" name="afterMethod" finished-at="2020-02-16T17:07:53 CST" duration-ms="1069" status="PASS">
          <reporter-output>
          </reporter-output>
        </test-method> <!-- afterMethod -->
        <test-method is-config="true" signature="beforeMethod()[pri:0, instance:love.simba.TestDataDriversByMysqltestSQL@7e9131d5]" started-at="2020-02-16T17:07:53 CST" name="beforeMethod" finished-at="2020-02-16T17:07:57 CST" duration-ms="3301" status="PASS">
          <reporter-output>
          </reporter-output>
        </test-method> <!-- beforeMethod -->
        <test-method signature="testSearch(java.lang.String, java.lang.String, java.lang.String)[pri:0, instance:love.simba.TestDataDriversByMysqltestSQL@7e9131d5]" started-at="2020-02-16T17:07:57 CST" name="testSearch" data-provider="testData" finished-at="2020-02-16T17:07:59 CST" duration-ms="1977" status="PASS">
          <params>
            <param index="0">
              <value>
                <![CDATA[超人]]>
              </value>
            </param>
            <param index="1">
              <value>
                <![CDATA[主演]]>
              </value>
            </param>
            <param index="2">
              <value>
                <![CDATA[克里斯托弗]]>
              </value>
            </param>
          </params>
          <reporter-output>
          </reporter-output>
        </test-method> <!-- testSearch -->
        <test-method is-config="true" signature="afterMethod()[pri:0, instance:love.simba.TestDataDriversByMysqltestSQL@7e9131d5]" started-at="2020-02-16T17:07:59 CST" name="afterMethod" finished-at="2020-02-16T17:08:00 CST" duration-ms="1045" status="PASS">
          <reporter-output>
          </reporter-output>
        </test-method> <!-- afterMethod -->
        <test-method is-config="true" signature="beforeMethod()[pri:0, instance:love.simba.TestDataDriversByMysqltestSQL@7e9131d5]" started-at="2020-02-16T17:08:00 CST" name="beforeMethod" finished-at="2020-02-16T17:08:03 CST" duration-ms="3298" status="PASS">
          <reporter-output>
          </reporter-output>
        </test-method> <!-- beforeMethod -->
        <test-method signature="testSearch(java.lang.String, java.lang.String, java.lang.String)[pri:0, instance:love.simba.TestDataDriversByMysqltestSQL@7e9131d5]" started-at="2020-02-16T17:08:03 CST" name="testSearch" data-provider="testData" finished-at="2020-02-16T17:08:05 CST" duration-ms="2097" status="PASS">
          <params>
            <param index="0">
              <value>
                <![CDATA[蜘蛛侠2]]>
              </value>
            </param>
            <param index="1">
              <value>
                <![CDATA[女主角]]>
              </value>
            </param>
            <param index="2">
              <value>
                <![CDATA[克尔斯滕]]>
              </value>
            </param>
          </params>
          <reporter-output>
          </reporter-output>
        </test-method> <!-- testSearch -->
        <test-method is-config="true" signature="afterMethod()[pri:0, instance:love.simba.TestDataDriversByMysqltestSQL@7e9131d5]" started-at="2020-02-16T17:08:05 CST" name="afterMethod" finished-at="2020-02-16T17:08:06 CST" duration-ms="1157" status="PASS">
          <reporter-output>
          </reporter-output>
        </test-method> <!-- afterMethod -->
      </class> <!-- love.simba.TestDataDriversByMysqltestSQL -->
    </test> <!-- Default test -->
  </suite> <!-- Default suite -->
</testng-results>
